0 info it worked if it ends with ok
1 verbose cli [ 'node', '/usr/local/bin/npm', 'install', 'libxmljs' ]
2 info using npm@2.9.1
3 info using node@v0.12.3
4 verbose install initial load of /Users/meikelmosby/Desktop/PSMG/psmg_lsf/Final_Project/Server/package.json
5 verbose installManyTop reading scoped package data from /Users/meikelmosby/Desktop/PSMG/psmg_lsf/Final_Project/Server/node_modules/JSONPath/package.json
6 verbose installManyTop reading scoped package data from /Users/meikelmosby/Desktop/PSMG/psmg_lsf/Final_Project/Server/node_modules/cors/package.json
7 verbose installManyTop reading scoped package data from /Users/meikelmosby/Desktop/PSMG/psmg_lsf/Final_Project/Server/node_modules/csvtojson/package.json
8 verbose installManyTop reading scoped package data from /Users/meikelmosby/Desktop/PSMG/psmg_lsf/Final_Project/Server/node_modules/express/package.json
9 verbose installManyTop reading scoped package data from /Users/meikelmosby/Desktop/PSMG/psmg_lsf/Final_Project/Server/node_modules/fs/package.json
10 verbose installManyTop reading scoped package data from /Users/meikelmosby/Desktop/PSMG/psmg_lsf/Final_Project/Server/node_modules/path/package.json
11 warn package.json fs@0.0.2 fs is also the name of a node core module.
12 warn package.json fs@0.0.2 No description
13 warn package.json fs@0.0.2 No repository field.
14 warn package.json path@0.11.14 path is also the name of a node core module.
15 verbose readDependencies loading dependencies from /Users/meikelmosby/Desktop/PSMG/psmg_lsf/Final_Project/Server/package.json
16 silly cache add args [ 'libxmljs', null ]
17 verbose cache add spec libxmljs
18 silly cache add parsed spec { raw: 'libxmljs',
18 silly cache add   scope: null,
18 silly cache add   name: 'libxmljs',
18 silly cache add   rawSpec: '',
18 silly cache add   spec: '*',
18 silly cache add   type: 'range' }
19 silly addNamed libxmljs@*
20 verbose addNamed "*" is a valid semver range for libxmljs
21 silly addNameRange { name: 'libxmljs', range: '*', hasData: false }
22 silly mapToRegistry name libxmljs
23 silly mapToRegistry using default registry
24 silly mapToRegistry registry https://registry.npmjs.org/
25 silly mapToRegistry uri https://registry.npmjs.org/libxmljs
26 verbose addNameRange registry:https://registry.npmjs.org/libxmljs not in flight; fetching
27 verbose request uri https://registry.npmjs.org/libxmljs
28 verbose request no auth needed
29 info attempt registry request try #1 at 12:13:22 PM
30 verbose request id b3c53c08d8bc4afe
31 http request GET https://registry.npmjs.org/libxmljs
32 http 200 https://registry.npmjs.org/libxmljs
33 silly get cb [ 200,
33 silly get   { server: 'CouchDB/1.5.0 (Erlang OTP/R16B03)',
33 silly get     etag: '"9M2NFMFEPOCCWXWDZ180H9ZLO"',
33 silly get     'content-type': 'application/json',
33 silly get     'cache-control': 'max-age=60',
33 silly get     'content-length': '25708',
33 silly get     'accept-ranges': 'bytes',
33 silly get     date: 'Tue, 26 May 2015 10:13:22 GMT',
33 silly get     via: '1.1 varnish',
33 silly get     age: '0',
33 silly get     connection: 'keep-alive',
33 silly get     'x-served-by': 'cache-ams4130-AMS',
33 silly get     'x-cache': 'HIT',
33 silly get     'x-cache-hits': '1',
33 silly get     'x-timer': 'S1432635201.701884,VS0,VE649',
33 silly get     vary: 'Accept' } ]
34 verbose get saving libxmljs to /Users/meikelmosby/.npm/registry.npmjs.org/libxmljs/.cache.json
35 silly addNameRange number 2 { name: 'libxmljs', range: '*', hasData: true }
36 silly addNameRange versions [ 'libxmljs',
36 silly addNameRange   [ '0.4.1',
36 silly addNameRange     '0.4.2',
36 silly addNameRange     '0.4.3',
36 silly addNameRange     '0.5.0',
36 silly addNameRange     '0.5.1',
36 silly addNameRange     '0.5.2',
36 silly addNameRange     '0.5.3',
36 silly addNameRange     '0.5.4',
36 silly addNameRange     '0.6.0',
36 silly addNameRange     '0.6.1',
36 silly addNameRange     '0.7.0',
36 silly addNameRange     '0.7.1',
36 silly addNameRange     '0.8.0',
36 silly addNameRange     '0.8.1',
36 silly addNameRange     '0.9.0',
36 silly addNameRange     '0.10.0',
36 silly addNameRange     '0.11.0',
36 silly addNameRange     '0.11.1',
36 silly addNameRange     '0.12.0',
36 silly addNameRange     '0.13.0',
36 silly addNameRange     '0.14.0',
36 silly addNameRange     '0.14.1' ] ]
37 silly addNamed libxmljs@0.14.1
38 verbose addNamed "0.14.1" is a plain semver version for libxmljs
39 silly mapToRegistry name libxmljs
40 silly mapToRegistry using default registry
41 silly mapToRegistry registry https://registry.npmjs.org/
42 silly mapToRegistry uri https://registry.npmjs.org/libxmljs
43 verbose addRemoteTarball https://registry.npmjs.org/libxmljs/-/libxmljs-0.14.1.tgz not in flight; adding
44 verbose addRemoteTarball [ 'https://registry.npmjs.org/libxmljs/-/libxmljs-0.14.1.tgz',
44 verbose addRemoteTarball   '2f9144de56fea51abbfaf7a6a5453f207a6a4c2e' ]
45 info retry fetch attempt 1 at 12:13:23 PM
46 info attempt registry request try #1 at 12:13:23 PM
47 http fetch GET https://registry.npmjs.org/libxmljs/-/libxmljs-0.14.1.tgz
48 http fetch 200 https://registry.npmjs.org/libxmljs/-/libxmljs-0.14.1.tgz
49 silly fetchAndShaCheck shasum 2f9144de56fea51abbfaf7a6a5453f207a6a4c2e
50 verbose addTmpTarball /tmp/npm-25097-fefdabfd/registry.npmjs.org/libxmljs/-/libxmljs-0.14.1.tgz not in flight; adding
51 verbose addTmpTarball already have metadata; skipping unpack for libxmljs@0.14.1
52 silly cache afterAdd libxmljs@0.14.1
53 verbose afterAdd /Users/meikelmosby/.npm/libxmljs/0.14.1/package/package.json not in flight; writing
54 verbose afterAdd /Users/meikelmosby/.npm/libxmljs/0.14.1/package/package.json written
55 silly install resolved [ { name: 'libxmljs',
55 silly install resolved     author: { name: 'Marco Rogers' },
55 silly install resolved     contributors: [ [Object] ],
55 silly install resolved     description: 'libxml bindings for v8 javascript engine',
55 silly install resolved     version: '0.14.1',
55 silly install resolved     scripts:
55 silly install resolved      { test: 'node --expose_gc ./node_modules/.bin/nodeunit test',
55 silly install resolved        install: 'node-gyp rebuild' },
55 silly install resolved     repository:
55 silly install resolved      { type: 'git',
55 silly install resolved        url: 'git+ssh://git@github.com/polotek/libxmljs.git' },
55 silly install resolved     bugs: { url: 'http://github.com/polotek/libxmljs/issues' },
55 silly install resolved     main: './index',
55 silly install resolved     engines: { node: '>=0.8.0' },
55 silly install resolved     dependencies: { bindings: '1.2.1', nan: '1.8.4' },
55 silly install resolved     devDependencies: { nodeunit: '0.9.0' },
55 silly install resolved     gypfile: true,
55 silly install resolved     gitHead: 'd86f771bd2f8de954605402948b0ddc58de02b64',
55 silly install resolved     homepage: 'https://github.com/polotek/libxmljs#readme',
55 silly install resolved     _id: 'libxmljs@0.14.1',
55 silly install resolved     _shasum: '2f9144de56fea51abbfaf7a6a5453f207a6a4c2e',
55 silly install resolved     _from: 'libxmljs@*',
55 silly install resolved     _npmVersion: '2.9.0',
55 silly install resolved     _nodeVersion: '0.10.35',
55 silly install resolved     _npmUser: { name: 'defunctzombie', email: 'shtylman@gmail.com' },
55 silly install resolved     dist:
55 silly install resolved      { shasum: '2f9144de56fea51abbfaf7a6a5453f207a6a4c2e',
55 silly install resolved        tarball: 'http://registry.npmjs.org/libxmljs/-/libxmljs-0.14.1.tgz' },
55 silly install resolved     maintainers: [ [Object], [Object] ],
55 silly install resolved     directories: {},
55 silly install resolved     _resolved: 'https://registry.npmjs.org/libxmljs/-/libxmljs-0.14.1.tgz' } ]
56 info install libxmljs@0.14.1 into /Users/meikelmosby/Desktop/PSMG/psmg_lsf/Final_Project/Server
57 info installOne libxmljs@0.14.1
58 verbose installOne of libxmljs to /Users/meikelmosby/Desktop/PSMG/psmg_lsf/Final_Project/Server not in flight; installing
59 verbose lock using /Users/meikelmosby/.npm/_locks/libxmljs-02998bca9e3e52da.lock for /Users/meikelmosby/Desktop/PSMG/psmg_lsf/Final_Project/Server/node_modules/libxmljs
60 silly install write writing libxmljs 0.14.1 to /Users/meikelmosby/Desktop/PSMG/psmg_lsf/Final_Project/Server/node_modules/libxmljs
61 verbose unbuild node_modules/libxmljs
62 silly gentlyRm /Users/meikelmosby/Desktop/PSMG/psmg_lsf/Final_Project/Server/node_modules/libxmljs is being purged from base /Users/meikelmosby/Desktop/PSMG/psmg_lsf/Final_Project/Server
63 verbose gentlyRm don't care about contents; nuking /Users/meikelmosby/Desktop/PSMG/psmg_lsf/Final_Project/Server/node_modules/libxmljs
64 verbose tar unpack /Users/meikelmosby/.npm/libxmljs/0.14.1/package.tgz
65 verbose tar unpacking to /Users/meikelmosby/Desktop/PSMG/psmg_lsf/Final_Project/Server/node_modules/libxmljs
66 silly gentlyRm /Users/meikelmosby/Desktop/PSMG/psmg_lsf/Final_Project/Server/node_modules/libxmljs is being purged
67 verbose gentlyRm don't care about contents; nuking /Users/meikelmosby/Desktop/PSMG/psmg_lsf/Final_Project/Server/node_modules/libxmljs
68 silly gunzTarPerm modes [ '755', '644' ]
69 silly gunzTarPerm extractEntry package.json
70 silly gunzTarPerm extractEntry .npmignore
71 silly gunzTarPerm extractEntry README.md
72 silly gunzTarPerm extractEntry LICENSE
73 silly gunzTarPerm extractEntry index.js
74 silly gunzTarPerm extractEntry examples/cdata.js
75 silly gunzTarPerm extractEntry binding.gyp
76 silly gunzTarPerm extractEntry Makefile
77 silly gunzTarPerm extractEntry lib/bindings.js
78 silly gunzTarPerm extractEntry lib/comment.js
79 silly gunzTarPerm extractEntry lib/document.js
80 silly gunzTarPerm extractEntry lib/element.js
81 silly gunzTarPerm extractEntry lib/sax_parser.js
82 silly gunzTarPerm extractEntry test/attribute.js
83 silly gunzTarPerm extractEntry test/element.js
84 silly gunzTarPerm extractEntry test/xml_parser.js
85 silly gunzTarPerm extractEntry test/html_parser.js
86 silly gunzTarPerm extractEntry test/main.js
87 silly gunzTarPerm extractEntry test/document.js
88 silly gunzTarPerm extractEntry test/node_attributes.js
89 silly gunzTarPerm extractEntry test/ref_integrity.js
90 silly gunzTarPerm extractEntry test/searching.js
91 silly gunzTarPerm extractEntry test/text_node.js
92 silly gunzTarPerm extractEntry test/traversal.js
93 silly gunzTarPerm extractEntry test/comment.js
94 silly gunzTarPerm extractEntry test/xml_sax_parser.js
95 silly gunzTarPerm extractEntry test/namespace.js
96 silly gunzTarPerm extractEntry test/fixtures/errors/comment.xml
97 silly gunzTarPerm extractEntry test/fixtures/parser-utf16.xml
98 silly gunzTarPerm extractEntry test/fixtures/parser.euc_jp.html
99 silly gunzTarPerm extractEntry test/fixtures/parser.html
100 silly gunzTarPerm extractEntry test/fixtures/parser.xml
101 silly gunzTarPerm extractEntry test/fixtures/sax_parser.xml
102 silly gunzTarPerm extractEntry test/fixtures/warnings/amp.html
103 silly gunzTarPerm extractEntry test/fixtures/warnings/ent9.xml
104 silly gunzTarPerm extractEntry .travis.yml
105 silly gunzTarPerm extractEntry src/xml_element.h
106 silly gunzTarPerm extractEntry src/html_document.cc
107 silly gunzTarPerm extractEntry src/libxmljs.cc
108 silly gunzTarPerm extractEntry src/libxmljs.h
109 silly gunzTarPerm extractEntry src/xml_attribute.cc
110 silly gunzTarPerm extractEntry src/xml_attribute.h
111 silly gunzTarPerm extractEntry src/xml_comment.cc
112 silly gunzTarPerm extractEntry src/xml_comment.h
113 silly gunzTarPerm extractEntry src/xml_document.cc
114 silly gunzTarPerm extractEntry src/xml_document.h
115 silly gunzTarPerm extractEntry src/xml_element.cc
116 silly gunzTarPerm extractEntry src/html_document.h
117 silly gunzTarPerm extractEntry src/xml_namespace.cc
118 silly gunzTarPerm extractEntry src/xml_namespace.h
119 silly gunzTarPerm extractEntry src/xml_node.cc
120 silly gunzTarPerm extractEntry src/xml_node.h
121 silly gunzTarPerm extractEntry src/xml_sax_parser.cc
122 silly gunzTarPerm extractEntry src/xml_sax_parser.h
123 silly gunzTarPerm extractEntry src/xml_syntax_error.cc
124 silly gunzTarPerm extractEntry src/xml_syntax_error.h
125 silly gunzTarPerm extractEntry src/xml_xpath_context.cc
126 silly gunzTarPerm extractEntry src/xml_xpath_context.h
127 silly gunzTarPerm extractEntry vendor/libxml/schematron.c
128 silly gunzTarPerm extractEntry vendor/libxml/DOCBparser.c
129 silly gunzTarPerm extractEntry vendor/libxml/HTMLtree.c
130 silly gunzTarPerm extractEntry vendor/libxml/SAX.c
131 silly gunzTarPerm extractEntry vendor/libxml/SAX2.c
132 silly gunzTarPerm extractEntry vendor/libxml/buf.c
133 silly gunzTarPerm extractEntry vendor/libxml/buf.h
134 silly gunzTarPerm extractEntry vendor/libxml/c14n.c
135 silly gunzTarPerm extractEntry vendor/libxml/catalog.c
136 silly gunzTarPerm extractEntry vendor/libxml/chvalid.c
137 silly gunzTarPerm extractEntry vendor/libxml/config.h
138 silly gunzTarPerm extractEntry vendor/libxml/debugXML.c
139 silly gunzTarPerm extractEntry vendor/libxml/dict.c
140 silly gunzTarPerm extractEntry vendor/libxml/elfgcchack.h
141 silly gunzTarPerm extractEntry vendor/libxml/enc.h
142 silly gunzTarPerm extractEntry vendor/libxml/encoding.c
143 silly gunzTarPerm extractEntry vendor/libxml/entities.c
144 silly gunzTarPerm extractEntry vendor/libxml/error.c
145 silly gunzTarPerm extractEntry vendor/libxml/globals.c
146 silly gunzTarPerm extractEntry vendor/libxml/hash.c
147 silly gunzTarPerm extractEntry vendor/libxml/include/libxml/schematron.h
148 silly gunzTarPerm extractEntry vendor/libxml/include/libxml/DOCBparser.h
149 silly gunzTarPerm extractEntry vendor/libxml/include/libxml/HTMLtree.h
150 silly gunzTarPerm extractEntry vendor/libxml/include/libxml/Makefile
151 silly gunzTarPerm extractEntry vendor/libxml/include/libxml/Makefile.am
152 silly gunzTarPerm extractEntry vendor/libxml/include/libxml/Makefile.in
153 silly gunzTarPerm extractEntry vendor/libxml/include/libxml/SAX.h
154 silly gunzTarPerm extractEntry vendor/libxml/include/libxml/SAX2.h
155 silly gunzTarPerm extractEntry vendor/libxml/include/libxml/c14n.h
156 silly gunzTarPerm extractEntry vendor/libxml/include/libxml/catalog.h
157 silly gunzTarPerm extractEntry vendor/libxml/include/libxml/chvalid.h
158 silly gunzTarPerm extractEntry vendor/libxml/include/libxml/debugXML.h
159 silly gunzTarPerm extractEntry vendor/libxml/include/libxml/dict.h
160 silly gunzTarPerm extractEntry vendor/libxml/include/libxml/encoding.h
161 silly gunzTarPerm extractEntry vendor/libxml/include/libxml/entities.h
162 silly gunzTarPerm extractEntry vendor/libxml/include/libxml/globals.h
163 silly gunzTarPerm extractEntry vendor/libxml/include/libxml/hash.h
164 silly gunzTarPerm extractEntry vendor/libxml/include/libxml/list.h
165 silly gunzTarPerm extractEntry vendor/libxml/include/libxml/nanoftp.h
166 silly gunzTarPerm extractEntry vendor/libxml/include/libxml/nanohttp.h
167 silly gunzTarPerm extractEntry vendor/libxml/include/libxml/parser.h
168 silly gunzTarPerm extractEntry vendor/libxml/include/libxml/parserInternals.h
169 silly gunzTarPerm extractEntry vendor/libxml/include/libxml/pattern.h
170 silly gunzTarPerm extractEntry vendor/libxml/include/libxml/relaxng.h
171 silly gunzTarPerm extractEntry vendor/libxml/include/libxml/schemasInternals.h
172 silly gunzTarPerm extractEntry vendor/libxml/include/libxml/HTMLparser.h
173 silly gunzTarPerm extractEntry vendor/libxml/include/libxml/threads.h
174 silly gunzTarPerm extractEntry vendor/libxml/include/libxml/tree.h
175 silly gunzTarPerm extractEntry vendor/libxml/include/libxml/uri.h
176 silly gunzTarPerm extractEntry vendor/libxml/include/libxml/valid.h
177 silly gunzTarPerm extractEntry vendor/libxml/include/libxml/xinclude.h
178 silly gunzTarPerm extractEntry vendor/libxml/include/libxml/xlink.h
179 silly gunzTarPerm extractEntry vendor/libxml/include/libxml/xmlIO.h
180 silly gunzTarPerm extractEntry vendor/libxml/include/libxml/xmlautomata.h
181 silly gunzTarPerm extractEntry vendor/libxml/include/libxml/xmlerror.h
182 silly gunzTarPerm extractEntry vendor/libxml/include/libxml/xmlexports.h
183 silly gunzTarPerm extractEntry vendor/libxml/include/libxml/xmlmemory.h
184 silly gunzTarPerm extractEntry vendor/libxml/include/libxml/xmlmodule.h
185 silly gunzTarPerm extractEntry vendor/libxml/include/libxml/xmlreader.h
186 silly gunzTarPerm extractEntry vendor/libxml/include/libxml/xmlregexp.h
187 silly gunzTarPerm extractEntry vendor/libxml/include/libxml/xmlsave.h
188 silly gunzTarPerm extractEntry vendor/libxml/include/libxml/xmlschemas.h
189 silly gunzTarPerm extractEntry vendor/libxml/include/libxml/xmlschemastypes.h
190 silly gunzTarPerm extractEntry vendor/libxml/include/libxml/xmlstring.h
191 silly gunzTarPerm extractEntry vendor/libxml/include/libxml/xmlunicode.h
192 silly gunzTarPerm extractEntry vendor/libxml/include/libxml/xmlversion.h
193 silly gunzTarPerm extractEntry vendor/libxml/include/libxml/xmlwriter.h
194 silly gunzTarPerm extractEntry vendor/libxml/include/libxml/xpath.h
195 silly gunzTarPerm extractEntry vendor/libxml/include/libxml/xpathInternals.h
196 silly gunzTarPerm extractEntry vendor/libxml/include/libxml/xpointer.h
197 silly gunzTarPerm extractEntry vendor/libxml/include/win32config.h
198 silly gunzTarPerm extractEntry vendor/libxml/include/wsockcompat.h
199 silly gunzTarPerm extractEntry vendor/libxml/legacy.c
200 silly gunzTarPerm extractEntry vendor/libxml/libxml.gyp
201 silly gunzTarPerm extractEntry vendor/libxml/libxml.h
202 silly gunzTarPerm extractEntry vendor/libxml/list.c
203 silly gunzTarPerm extractEntry vendor/libxml/nanoftp.c
204 silly gunzTarPerm extractEntry vendor/libxml/nanohttp.c
205 silly gunzTarPerm extractEntry vendor/libxml/parser.c
206 silly gunzTarPerm extractEntry vendor/libxml/parserInternals.c
207 silly gunzTarPerm extractEntry vendor/libxml/pattern.c
208 silly gunzTarPerm extractEntry vendor/libxml/relaxng.c
209 silly gunzTarPerm extractEntry vendor/libxml/runsuite.c
210 silly gunzTarPerm extractEntry vendor/libxml/save.h
211 silly gunzTarPerm extractEntry vendor/libxml/HTMLparser.c
212 silly gunzTarPerm extractEntry vendor/libxml/threads.c
213 silly gunzTarPerm extractEntry vendor/libxml/timsort.h
214 silly gunzTarPerm extractEntry vendor/libxml/tree.c
215 silly gunzTarPerm extractEntry vendor/libxml/trio.c
216 silly gunzTarPerm extractEntry vendor/libxml/trio.h
217 silly gunzTarPerm extractEntry vendor/libxml/triodef.h
218 silly gunzTarPerm extractEntry vendor/libxml/trionan.c
219 silly gunzTarPerm extractEntry vendor/libxml/trionan.h
220 silly gunzTarPerm extractEntry vendor/libxml/triop.h
221 silly gunzTarPerm extractEntry vendor/libxml/triostr.c
222 silly gunzTarPerm extractEntry vendor/libxml/triostr.h
223 silly gunzTarPerm extractEntry vendor/libxml/uri.c
224 silly gunzTarPerm extractEntry vendor/libxml/valid.c
225 silly gunzTarPerm extractEntry vendor/libxml/xinclude.c
226 silly gunzTarPerm extractEntry vendor/libxml/xlink.c
227 silly gunzTarPerm extractEntry vendor/libxml/xmlIO.c
228 silly gunzTarPerm extractEntry vendor/libxml/xmlcatalog.c
229 silly gunzTarPerm extractEntry vendor/libxml/xmllint.c
230 silly gunzTarPerm extractEntry vendor/libxml/xmlmemory.c
231 silly gunzTarPerm extractEntry vendor/libxml/xmlmodule.c
232 silly gunzTarPerm extractEntry vendor/libxml/xmlreader.c
233 silly gunzTarPerm extractEntry vendor/libxml/xmlregexp.c
234 silly gunzTarPerm extractEntry vendor/libxml/xmlsave.c
235 silly gunzTarPerm extractEntry vendor/libxml/xmlschemas.c
236 silly gunzTarPerm extractEntry vendor/libxml/xmlschemastypes.c
237 silly gunzTarPerm extractEntry vendor/libxml/xmlstring.c
238 silly gunzTarPerm extractEntry vendor/libxml/xmlunicode.c
239 silly gunzTarPerm extractEntry vendor/libxml/xmlwriter.c
240 silly gunzTarPerm extractEntry vendor/libxml/xpath.c
241 silly gunzTarPerm extractEntry vendor/libxml/xpointer.c
242 silly gunzTarPerm extractEntry vendor/libxml/xzlib.c
243 silly gunzTarPerm extractEntry vendor/libxml/xzlib.h
244 verbose write writing to /Users/meikelmosby/Desktop/PSMG/psmg_lsf/Final_Project/Server/node_modules/libxmljs/package.json
245 info preinstall libxmljs@0.14.1
246 verbose readDependencies loading dependencies from /Users/meikelmosby/Desktop/PSMG/psmg_lsf/Final_Project/Server/node_modules/libxmljs/package.json
247 silly prepareForInstallMany adding bindings@1.2.1 from libxmljs dependencies
248 silly prepareForInstallMany adding nan@1.8.4 from libxmljs dependencies
249 verbose readDependencies loading dependencies from /Users/meikelmosby/Desktop/PSMG/psmg_lsf/Final_Project/Server/node_modules/libxmljs/package.json
250 silly cache add args [ 'bindings@1.2.1', null ]
251 verbose cache add spec bindings@1.2.1
252 silly cache add args [ 'nan@1.8.4', null ]
253 verbose cache add spec nan@1.8.4
254 silly cache add parsed spec { raw: 'bindings@1.2.1',
254 silly cache add   scope: null,
254 silly cache add   name: 'bindings',
254 silly cache add   rawSpec: '1.2.1',
254 silly cache add   spec: '1.2.1',
254 silly cache add   type: 'version' }
255 silly addNamed bindings@1.2.1
256 verbose addNamed "1.2.1" is a plain semver version for bindings
257 silly mapToRegistry name bindings
258 silly mapToRegistry using default registry
259 silly mapToRegistry registry https://registry.npmjs.org/
260 silly mapToRegistry uri https://registry.npmjs.org/bindings
261 verbose addNameVersion registry:https://registry.npmjs.org/bindings not in flight; fetching
262 silly cache add parsed spec { raw: 'nan@1.8.4',
262 silly cache add   scope: null,
262 silly cache add   name: 'nan',
262 silly cache add   rawSpec: '1.8.4',
262 silly cache add   spec: '1.8.4',
262 silly cache add   type: 'version' }
263 silly addNamed nan@1.8.4
264 verbose addNamed "1.8.4" is a plain semver version for nan
265 silly mapToRegistry name nan
266 silly mapToRegistry using default registry
267 silly mapToRegistry registry https://registry.npmjs.org/
268 silly mapToRegistry uri https://registry.npmjs.org/nan
269 verbose addNameVersion registry:https://registry.npmjs.org/nan not in flight; fetching
270 verbose request uri https://registry.npmjs.org/bindings
271 verbose request no auth needed
272 info attempt registry request try #1 at 12:13:25 PM
273 verbose etag "5997G8NY1OJEMZ1HNHL7VBX5J"
274 http request GET https://registry.npmjs.org/bindings
275 verbose request uri https://registry.npmjs.org/nan
276 verbose request no auth needed
277 info attempt registry request try #1 at 12:13:25 PM
278 verbose etag "560ZHVEP0DOKC8XVXCA3VTZHE"
279 http request GET https://registry.npmjs.org/nan
280 http 200 https://registry.npmjs.org/bindings
281 silly get cb [ 200,
281 silly get   { server: 'CouchDB/1.5.0 (Erlang OTP/R16B03)',
281 silly get     etag: '"9RK4S5X0OXSOK2HUD8YR6PWNW"',
281 silly get     'content-type': 'application/json',
281 silly get     'cache-control': 'max-age=60',
281 silly get     'content-length': '17940',
281 silly get     'accept-ranges': 'bytes',
281 silly get     date: 'Tue, 26 May 2015 10:13:25 GMT',
281 silly get     via: '1.1 varnish',
281 silly get     age: '12',
281 silly get     connection: 'keep-alive',
281 silly get     'x-served-by': 'cache-ams4145-AMS',
281 silly get     'x-cache': 'HIT',
281 silly get     'x-cache-hits': '1',
281 silly get     'x-timer': 'S1432635205.309303,VS0,VE0',
281 silly get     vary: 'Accept' } ]
282 verbose get saving bindings to /Users/meikelmosby/.npm/registry.npmjs.org/bindings/.cache.json
283 silly mapToRegistry name bindings
284 silly mapToRegistry using default registry
285 silly mapToRegistry registry https://registry.npmjs.org/
286 silly mapToRegistry uri https://registry.npmjs.org/bindings
287 verbose addRemoteTarball https://registry.npmjs.org/bindings/-/bindings-1.2.1.tgz not in flight; adding
288 verbose addRemoteTarball [ 'https://registry.npmjs.org/bindings/-/bindings-1.2.1.tgz',
288 verbose addRemoteTarball   '14ad6113812d2d37d72e67b4cacb4bb726505f11' ]
289 info retry fetch attempt 1 at 12:13:26 PM
290 info attempt registry request try #1 at 12:13:26 PM
291 http fetch GET https://registry.npmjs.org/bindings/-/bindings-1.2.1.tgz
292 http 200 https://registry.npmjs.org/nan
293 silly get cb [ 200,
293 silly get   { server: 'CouchDB/1.5.0 (Erlang OTP/R16B03)',
293 silly get     etag: '"1RCS7UXG3VTWMO3RITIUFQZKD"',
293 silly get     'content-type': 'application/json',
293 silly get     'cache-control': 'max-age=60',
293 silly get     'content-length': '109533',
293 silly get     'accept-ranges': 'bytes',
293 silly get     date: 'Tue, 26 May 2015 10:13:25 GMT',
293 silly get     via: '1.1 varnish',
293 silly get     age: '3',
293 silly get     connection: 'keep-alive',
293 silly get     'x-served-by': 'cache-ams4149-AMS',
293 silly get     'x-cache': 'HIT',
293 silly get     'x-cache-hits': '1',
293 silly get     'x-timer': 'S1432635205.303896,VS0,VE1',
293 silly get     vary: 'Accept' } ]
294 verbose get saving nan to /Users/meikelmosby/.npm/registry.npmjs.org/nan/.cache.json
295 silly mapToRegistry name nan
296 silly mapToRegistry using default registry
297 silly mapToRegistry registry https://registry.npmjs.org/
298 silly mapToRegistry uri https://registry.npmjs.org/nan
299 verbose addRemoteTarball https://registry.npmjs.org/nan/-/nan-1.8.4.tgz not in flight; adding
300 verbose addRemoteTarball [ 'https://registry.npmjs.org/nan/-/nan-1.8.4.tgz',
300 verbose addRemoteTarball   '3c76b5382eab33e44b758d2813ca9d92e9342f34' ]
301 info retry fetch attempt 1 at 12:13:26 PM
302 info attempt registry request try #1 at 12:13:26 PM
303 http fetch GET https://registry.npmjs.org/nan/-/nan-1.8.4.tgz
304 http fetch 200 https://registry.npmjs.org/bindings/-/bindings-1.2.1.tgz
305 silly fetchAndShaCheck shasum 14ad6113812d2d37d72e67b4cacb4bb726505f11
306 verbose addTmpTarball /tmp/npm-25097-fefdabfd/registry.npmjs.org/bindings/-/bindings-1.2.1.tgz not in flight; adding
307 verbose addTmpTarball already have metadata; skipping unpack for bindings@1.2.1
308 silly cache afterAdd bindings@1.2.1
309 verbose afterAdd /Users/meikelmosby/.npm/bindings/1.2.1/package/package.json not in flight; writing
310 verbose afterAdd /Users/meikelmosby/.npm/bindings/1.2.1/package/package.json written
311 http fetch 200 https://registry.npmjs.org/nan/-/nan-1.8.4.tgz
312 silly fetchAndShaCheck shasum 3c76b5382eab33e44b758d2813ca9d92e9342f34
313 verbose addTmpTarball /tmp/npm-25097-fefdabfd/registry.npmjs.org/nan/-/nan-1.8.4.tgz not in flight; adding
314 verbose addTmpTarball already have metadata; skipping unpack for nan@1.8.4
315 silly cache afterAdd nan@1.8.4
316 verbose afterAdd /Users/meikelmosby/.npm/nan/1.8.4/package/package.json not in flight; writing
317 verbose afterAdd /Users/meikelmosby/.npm/nan/1.8.4/package/package.json written
318 silly install resolved [ { name: 'bindings',
318 silly install resolved     description: 'Helper module for loading your native module\'s .node file',
318 silly install resolved     keywords: [ 'native', 'addon', 'bindings', 'gyp', 'waf', 'c', 'c++' ],
318 silly install resolved     version: '1.2.1',
318 silly install resolved     author:
318 silly install resolved      { name: 'Nathan Rajlich',
318 silly install resolved        email: 'nathan@tootallnate.net',
318 silly install resolved        url: 'http://tootallnate.net' },
318 silly install resolved     repository:
318 silly install resolved      { type: 'git',
318 silly install resolved        url: 'git://github.com/TooTallNate/node-bindings.git' },
318 silly install resolved     main: './bindings.js',
318 silly install resolved     bugs: { url: 'https://github.com/TooTallNate/node-bindings/issues' },
318 silly install resolved     homepage: 'https://github.com/TooTallNate/node-bindings',
318 silly install resolved     license: 'MIT',
318 silly install resolved     gitHead: 'e404152ee27f8478ccbc7122ee051246e8e5ec02',
318 silly install resolved     _id: 'bindings@1.2.1',
318 silly install resolved     scripts: {},
318 silly install resolved     _shasum: '14ad6113812d2d37d72e67b4cacb4bb726505f11',
318 silly install resolved     _from: 'bindings@1.2.1',
318 silly install resolved     _npmVersion: '1.4.14',
318 silly install resolved     _npmUser: { name: 'tootallnate', email: 'nathan@tootallnate.net' },
318 silly install resolved     maintainers: [ [Object], [Object] ],
318 silly install resolved     dist:
318 silly install resolved      { shasum: '14ad6113812d2d37d72e67b4cacb4bb726505f11',
318 silly install resolved        tarball: 'http://registry.npmjs.org/bindings/-/bindings-1.2.1.tgz' },
318 silly install resolved     directories: {},
318 silly install resolved     _resolved: 'https://registry.npmjs.org/bindings/-/bindings-1.2.1.tgz' },
318 silly install resolved   { name: 'nan',
318 silly install resolved     version: '1.8.4',
318 silly install resolved     description: 'Native Abstractions for Node.js: C++ header for Node 0.8->0.12 compatibility',
318 silly install resolved     main: 'include_dirs.js',
318 silly install resolved     repository: { type: 'git', url: 'git://github.com/iojs/nan.git' },
318 silly install resolved     scripts:
318 silly install resolved      { test: 'tap --gc test/js/*-test.js',
318 silly install resolved        'rebuild-tests': 'pangyp rebuild --directory test' },
318 silly install resolved     contributors:
318 silly install resolved      [ [Object],
318 silly install resolved        [Object],
318 silly install resolved        [Object],
318 silly install resolved        [Object],
318 silly install resolved        [Object],
318 silly install resolved        [Object],
318 silly install resolved        [Object] ],
318 silly install resolved     devDependencies:
318 silly install resolved      { bindings: '~1.2.1',
318 silly install resolved        'node-gyp': '~1.0.2',
318 silly install resolved        pangyp: '~2.0.1',
318 silly install resolved        tap: '~0.7.1',
318 silly install resolved        xtend: '~4.0.0' },
318 silly install resolved     license: 'MIT',
318 silly install resolved     gitHead: 'ed3bbf4ced0cf7937b4e4164766797f71aa97f3d',
318 silly install resolved     bugs: { url: 'https://github.com/iojs/nan/issues' },
318 silly install resolved     homepage: 'https://github.com/iojs/nan#readme',
318 silly install resolved     _id: 'nan@1.8.4',
318 silly install resolved     _shasum: '3c76b5382eab33e44b758d2813ca9d92e9342f34',
318 silly install resolved     _from: 'nan@1.8.4',
318 silly install resolved     _npmVersion: '2.8.3',
318 silly install resolved     _nodeVersion: '0.12.2',
318 silly install resolved     _npmUser: { name: 'kkoopa', email: 'bbyholm@abo.fi' },
318 silly install resolved     maintainers: [ [Object], [Object] ],
318 silly install resolved     dist:
318 silly install resolved      { shasum: '3c76b5382eab33e44b758d2813ca9d92e9342f34',
318 silly install resolved        tarball: 'http://registry.npmjs.org/nan/-/nan-1.8.4.tgz' },
318 silly install resolved     directories: {},
318 silly install resolved     _resolved: 'https://registry.npmjs.org/nan/-/nan-1.8.4.tgz' } ]
319 info install bindings@1.2.1 into /Users/meikelmosby/Desktop/PSMG/psmg_lsf/Final_Project/Server/node_modules/libxmljs
320 info install nan@1.8.4 into /Users/meikelmosby/Desktop/PSMG/psmg_lsf/Final_Project/Server/node_modules/libxmljs
321 info installOne bindings@1.2.1
322 verbose installOne of bindings to /Users/meikelmosby/Desktop/PSMG/psmg_lsf/Final_Project/Server/node_modules/libxmljs not in flight; installing
323 info installOne nan@1.8.4
324 verbose installOne of nan to /Users/meikelmosby/Desktop/PSMG/psmg_lsf/Final_Project/Server/node_modules/libxmljs not in flight; installing
325 verbose lock using /Users/meikelmosby/.npm/_locks/bindings-61fa885c9d813b5e.lock for /Users/meikelmosby/Desktop/PSMG/psmg_lsf/Final_Project/Server/node_modules/libxmljs/node_modules/bindings
326 silly install write writing bindings 1.2.1 to /Users/meikelmosby/Desktop/PSMG/psmg_lsf/Final_Project/Server/node_modules/libxmljs/node_modules/bindings
327 verbose lock using /Users/meikelmosby/.npm/_locks/nan-98030a1c9af3c00a.lock for /Users/meikelmosby/Desktop/PSMG/psmg_lsf/Final_Project/Server/node_modules/libxmljs/node_modules/nan
328 silly install write writing nan 1.8.4 to /Users/meikelmosby/Desktop/PSMG/psmg_lsf/Final_Project/Server/node_modules/libxmljs/node_modules/nan
329 verbose unbuild node_modules/libxmljs/node_modules/bindings
330 verbose unbuild node_modules/libxmljs/node_modules/nan
331 silly gentlyRm /Users/meikelmosby/Desktop/PSMG/psmg_lsf/Final_Project/Server/node_modules/libxmljs/node_modules/bindings is being purged from base /Users/meikelmosby/Desktop/PSMG/psmg_lsf/Final_Project/Server
332 verbose gentlyRm don't care about contents; nuking /Users/meikelmosby/Desktop/PSMG/psmg_lsf/Final_Project/Server/node_modules/libxmljs/node_modules/bindings
333 verbose tar unpack /Users/meikelmosby/.npm/bindings/1.2.1/package.tgz
334 verbose tar unpacking to /Users/meikelmosby/Desktop/PSMG/psmg_lsf/Final_Project/Server/node_modules/libxmljs/node_modules/bindings
335 silly gentlyRm /Users/meikelmosby/Desktop/PSMG/psmg_lsf/Final_Project/Server/node_modules/libxmljs/node_modules/bindings is being purged
336 verbose gentlyRm don't care about contents; nuking /Users/meikelmosby/Desktop/PSMG/psmg_lsf/Final_Project/Server/node_modules/libxmljs/node_modules/bindings
337 silly gentlyRm /Users/meikelmosby/Desktop/PSMG/psmg_lsf/Final_Project/Server/node_modules/libxmljs/node_modules/nan is being purged from base /Users/meikelmosby/Desktop/PSMG/psmg_lsf/Final_Project/Server
338 verbose gentlyRm don't care about contents; nuking /Users/meikelmosby/Desktop/PSMG/psmg_lsf/Final_Project/Server/node_modules/libxmljs/node_modules/nan
339 silly gunzTarPerm modes [ '755', '644' ]
340 verbose tar unpack /Users/meikelmosby/.npm/nan/1.8.4/package.tgz
341 verbose tar unpacking to /Users/meikelmosby/Desktop/PSMG/psmg_lsf/Final_Project/Server/node_modules/libxmljs/node_modules/nan
342 silly gentlyRm /Users/meikelmosby/Desktop/PSMG/psmg_lsf/Final_Project/Server/node_modules/libxmljs/node_modules/nan is being purged
343 verbose gentlyRm don't care about contents; nuking /Users/meikelmosby/Desktop/PSMG/psmg_lsf/Final_Project/Server/node_modules/libxmljs/node_modules/nan
344 silly gunzTarPerm modes [ '755', '644' ]
345 silly gunzTarPerm extractEntry package.json
346 silly gunzTarPerm extractEntry package.json
347 silly gunzTarPerm modified mode [ 'package.json', 436, 420 ]
348 silly gunzTarPerm extractEntry README.md
349 silly gunzTarPerm extractEntry bindings.js
350 silly gunzTarPerm extractEntry README.md
351 silly gunzTarPerm modified mode [ 'README.md', 436, 420 ]
352 silly gunzTarPerm extractEntry include_dirs.js
353 silly gunzTarPerm modified mode [ 'include_dirs.js', 436, 420 ]
354 silly gunzTarPerm extractEntry LICENSE.md
355 silly gunzTarPerm modified mode [ 'LICENSE.md', 436, 420 ]
356 silly gunzTarPerm extractEntry .dntrc
357 silly gunzTarPerm modified mode [ '.dntrc', 436, 420 ]
358 silly gunzTarPerm extractEntry appveyor.yml
359 silly gunzTarPerm modified mode [ 'appveyor.yml', 436, 420 ]
360 silly gunzTarPerm extractEntry nan.h
361 silly gunzTarPerm modified mode [ 'nan.h', 436, 420 ]
362 verbose write writing to /Users/meikelmosby/Desktop/PSMG/psmg_lsf/Final_Project/Server/node_modules/libxmljs/node_modules/bindings/package.json
363 info preinstall bindings@1.2.1
364 verbose readDependencies loading dependencies from /Users/meikelmosby/Desktop/PSMG/psmg_lsf/Final_Project/Server/node_modules/libxmljs/node_modules/bindings/package.json
365 silly gunzTarPerm extractEntry nan_implementation_12_inl.h
366 silly gunzTarPerm modified mode [ 'nan_implementation_12_inl.h', 436, 420 ]
367 verbose readDependencies loading dependencies from /Users/meikelmosby/Desktop/PSMG/psmg_lsf/Final_Project/Server/node_modules/libxmljs/node_modules/bindings/package.json
368 silly install resolved []
369 verbose about to build /Users/meikelmosby/Desktop/PSMG/psmg_lsf/Final_Project/Server/node_modules/libxmljs/node_modules/bindings
370 info build /Users/meikelmosby/Desktop/PSMG/psmg_lsf/Final_Project/Server/node_modules/libxmljs/node_modules/bindings
371 info linkStuff bindings@1.2.1
372 silly linkStuff bindings@1.2.1 has /Users/meikelmosby/Desktop/PSMG/psmg_lsf/Final_Project/Server/node_modules/libxmljs/node_modules as its parent node_modules
373 verbose linkBins bindings@1.2.1
374 verbose linkMans bindings@1.2.1
375 verbose rebuildBundles bindings@1.2.1
376 info install bindings@1.2.1
377 silly gunzTarPerm extractEntry nan_implementation_pre_12_inl.h
378 silly gunzTarPerm modified mode [ 'nan_implementation_pre_12_inl.h', 436, 420 ]
379 info postinstall bindings@1.2.1
380 verbose unlock done using /Users/meikelmosby/.npm/_locks/bindings-61fa885c9d813b5e.lock for /Users/meikelmosby/Desktop/PSMG/psmg_lsf/Final_Project/Server/node_modules/libxmljs/node_modules/bindings
381 silly gunzTarPerm extractEntry nan_new.h
382 silly gunzTarPerm modified mode [ 'nan_new.h', 436, 420 ]
383 silly gunzTarPerm extractEntry nan_string_bytes.h
384 silly gunzTarPerm modified mode [ 'nan_string_bytes.h', 436, 420 ]
385 silly gunzTarPerm extractEntry CHANGELOG.md
386 silly gunzTarPerm modified mode [ 'CHANGELOG.md', 436, 420 ]
387 verbose write writing to /Users/meikelmosby/Desktop/PSMG/psmg_lsf/Final_Project/Server/node_modules/libxmljs/node_modules/nan/package.json
388 info preinstall nan@1.8.4
389 verbose readDependencies loading dependencies from /Users/meikelmosby/Desktop/PSMG/psmg_lsf/Final_Project/Server/node_modules/libxmljs/node_modules/nan/package.json
390 verbose readDependencies loading dependencies from /Users/meikelmosby/Desktop/PSMG/psmg_lsf/Final_Project/Server/node_modules/libxmljs/node_modules/nan/package.json
391 silly install resolved []
392 verbose about to build /Users/meikelmosby/Desktop/PSMG/psmg_lsf/Final_Project/Server/node_modules/libxmljs/node_modules/nan
393 info build /Users/meikelmosby/Desktop/PSMG/psmg_lsf/Final_Project/Server/node_modules/libxmljs/node_modules/nan
394 info linkStuff nan@1.8.4
395 silly linkStuff nan@1.8.4 has /Users/meikelmosby/Desktop/PSMG/psmg_lsf/Final_Project/Server/node_modules/libxmljs/node_modules as its parent node_modules
396 verbose linkBins nan@1.8.4
397 verbose linkMans nan@1.8.4
398 verbose rebuildBundles nan@1.8.4
399 info install nan@1.8.4
400 info postinstall nan@1.8.4
401 verbose unlock done using /Users/meikelmosby/.npm/_locks/nan-98030a1c9af3c00a.lock for /Users/meikelmosby/Desktop/PSMG/psmg_lsf/Final_Project/Server/node_modules/libxmljs/node_modules/nan
402 verbose about to build /Users/meikelmosby/Desktop/PSMG/psmg_lsf/Final_Project/Server/node_modules/libxmljs
403 info build /Users/meikelmosby/Desktop/PSMG/psmg_lsf/Final_Project/Server/node_modules/libxmljs
404 info linkStuff libxmljs@0.14.1
405 silly linkStuff libxmljs@0.14.1 has /Users/meikelmosby/Desktop/PSMG/psmg_lsf/Final_Project/Server/node_modules as its parent node_modules
406 verbose linkBins libxmljs@0.14.1
407 verbose linkMans libxmljs@0.14.1
408 verbose rebuildBundles libxmljs@0.14.1
409 verbose rebuildBundles [ 'bindings', 'nan' ]
410 info install libxmljs@0.14.1
411 verbose unsafe-perm in lifecycle false
412 info libxmljs@0.14.1 Failed to exec install script
413 verbose unlock done using /Users/meikelmosby/.npm/_locks/libxmljs-02998bca9e3e52da.lock for /Users/meikelmosby/Desktop/PSMG/psmg_lsf/Final_Project/Server/node_modules/libxmljs
414 verbose stack Error: libxmljs@0.14.1 install: `node-gyp rebuild`
414 verbose stack Exit status 1
414 verbose stack     at EventEmitter.<anonymous> (/usr/local/lib/node_modules/npm/lib/utils/lifecycle.js:213:16)
414 verbose stack     at EventEmitter.emit (events.js:110:17)
414 verbose stack     at ChildProcess.<anonymous> (/usr/local/lib/node_modules/npm/lib/utils/spawn.js:24:14)
414 verbose stack     at ChildProcess.emit (events.js:110:17)
414 verbose stack     at maybeClose (child_process.js:1015:16)
414 verbose stack     at Process.ChildProcess._handle.onexit (child_process.js:1087:5)
415 verbose pkgid libxmljs@0.14.1
416 verbose cwd /Users/meikelmosby/Desktop/PSMG/psmg_lsf/Final_Project/Server
417 error Darwin 14.3.0
418 error argv "node" "/usr/local/bin/npm" "install" "libxmljs"
419 error node v0.12.3
420 error npm  v2.9.1
421 error code ELIFECYCLE
422 error libxmljs@0.14.1 install: `node-gyp rebuild`
422 error Exit status 1
423 error Failed at the libxmljs@0.14.1 install script 'node-gyp rebuild'.
423 error This is most likely a problem with the libxmljs package,
423 error not with npm itself.
423 error Tell the author that this fails on your system:
423 error     node-gyp rebuild
423 error You can get their info via:
423 error     npm owner ls libxmljs
423 error There is likely additional logging output above.
424 verbose exit [ 1, true ]
425 verbose unbuild node_modules/libxmljs
426 info preuninstall libxmljs@0.14.1
427 info uninstall libxmljs@0.14.1
428 verbose unbuild rmStuff libxmljs@0.14.1 from /Users/meikelmosby/Desktop/PSMG/psmg_lsf/Final_Project/Server/node_modules
429 info postuninstall libxmljs@0.14.1
430 silly gentlyRm /Users/meikelmosby/Desktop/PSMG/psmg_lsf/Final_Project/Server/node_modules/libxmljs is being purged from base /Users/meikelmosby/Desktop/PSMG/psmg_lsf/Final_Project/Server
431 verbose gentlyRm don't care about contents; nuking /Users/meikelmosby/Desktop/PSMG/psmg_lsf/Final_Project/Server/node_modules/libxmljs
432 silly vacuum-fs purging /Users/meikelmosby/Desktop/PSMG/psmg_lsf/Final_Project/Server/node_modules/libxmljs
433 silly vacuum-fs quitting because other entries in /Users/meikelmosby/Desktop/PSMG/psmg_lsf/Final_Project/Server/node_modules
